[    0.000000] Initializing cgroup subsys cpuset
[    0.000000] Initializing cgroup subsys cpu
[    0.000000] Initializing cgroup subsys cpuacct
[    0.000000] Linux version 4.4.0-204-generic (buildd@lgw01-amd64-018) (gcc version 5.4.0 20160609 (Ubuntu 5.4.0-6ubuntu1~16.04.12) ) #236-Ubuntu SMP Fri Feb 19 16:11:27 UTC 2021 (Ubuntu 4.4.0-204.236-generic 4.4.254)
[    0.000000] Command line: BOOT_IMAGE=/boot/vmlinuz-4.4.0-204-generic root=LABEL=cloudimg-rootfs ro console=tty1 console=ttyS0
[    0.000000] KERNEL supported cpus:
[    0.000000]   Intel GenuineIntel
[    0.000000]   AMD AuthenticAMD
[    0.000000]   Centaur CentaurHauls
[    0.000000] [Firmware Bug]: TSC doesn't count with P0 frequency!
[    0.000000] x86/fpu: xstate_offset[2]:  576, xstate_sizes[2]:  256
[    0.000000] x86/fpu: Supporting XSAVE feature 0x01: 'x87 floating point registers'
[    0.000000] x86/fpu: Supporting XSAVE feature 0x02: 'SSE registers'
[    0.000000] x86/fpu: Supporting XSAVE feature 0x04: 'AVX registers'
[    0.000000] x86/fpu: Enabled xstate features 0x7, context size is 832 bytes, using 'standard' format.
[    0.000000] e820: BIOS-provided physical RAM map:
[    0.000000] BIOS-e820: [mem 0x0000000000000000-0x000000000009fbff] usable
[    0.000000] BIOS-e820: [mem 0x000000000009fc00-0x000000000009ffff] reserved
[    0.000000] BIOS-e820: [mem 0x00000000000f0000-0x00000000000fffff] reserved
[    0.000000] BIOS-e820: [mem 0x0000000000100000-0x000000003ffeffff] usable
[    0.000000] BIOS-e820: [mem 0x000000003fff0000-0x000000003fffffff] ACPI data
[    0.000000] BIOS-e820: [mem 0x00000000fec00000-0x00000000fec00fff] reserved
[    0.000000] BIOS-e820: [mem 0x00000000fee00000-0x00000000fee00fff] reserved
[    0.000000] BIOS-e820: [mem 0x00000000fffc0000-0x00000000ffffffff] reserved
[    0.000000] NX (Execute Disable) protection: active
[    0.000000] SMBIOS 2.5 present.
[    0.000000] Hypervisor detected: KVM
[    0.000000] Kernel/User page tables isolation: disabled
[    0.000000] e820: last_pfn = 0x3fff0 max_arch_pfn = 0x400000000
[    0.000000] MTRR: Disabled
[    0.000000] x86/PAT: MTRRs disabled, skipping PAT initialization too.
[    0.000000] CPU MTRRs all blank - virtualized system.
[    0.000000] x86/PAT: Configuration [0-7]: WB  WT  UC- UC  WB  WT  UC- UC  
[    0.000000] found SMP MP-table at [mem 0x0009fff0-0x0009ffff] mapped at [ffff88000009fff0]
[    0.000000] Scanning 1 areas for low memory corruption
[    0.000000] RAMDISK: [mem 0x362de000-0x37166fff]
[    0.000000] ACPI: Early table checksum verification disabled
[    0.000000] ACPI: RSDP 0x00000000000E0000 000024 (v02 VBOX  )
[    0.000000] ACPI: XSDT 0x000000003FFF0030 00003C (v01 VBOX   VBOXXSDT 00000001 ASL  00000061)
[    0.000000] ACPI: FACP 0x000000003FFF00F0 0000F4 (v04 VBOX   VBOXFACP 00000001 ASL  00000061)
[    0.000000] ACPI: DSDT 0x000000003FFF0470 002325 (v02 VBOX   VBOXBIOS 00000002 INTL 20190509)
[    0.000000] ACPI: FACS 0x000000003FFF0200 000040
[    0.000000] ACPI: FACS 0x000000003FFF0200 000040
[    0.000000] ACPI: APIC 0x000000003FFF0240 00005C (v02 VBOX   VBOXAPIC 00000001 ASL  00000061)
[    0.000000] ACPI: SSDT 0x000000003FFF02A0 0001CC (v01 VBOX   VBOXCPUT 00000002 INTL 20190509)
[    0.000000] No NUMA configuration found
[    0.000000] Faking a node at [mem 0x0000000000000000-0x000000003ffeffff]
[    0.000000] NODE_DATA(0) allocated [mem 0x3ffeb000-0x3ffeffff]
[    0.000000] kvm-clock: Using msrs 4b564d01 and 4b564d00
[    0.000000] kvm-clock: cpu 0, msr 0:3ffe3001, primary cpu clock
[    0.000000] kvm-clock: using sched offset of 3087509783 cycles
[    0.000000] clocksource: kvm-clock: mask: 0xffffffffffffffff max_cycles: 0x1cd42e4dffb, max_idle_ns: 881590591483 ns
[    0.000000] Zone ranges:
[    0.000000]   DMA      [mem 0x0000000000001000-0x0000000000ffffff]
[    0.000000]   DMA32    [mem 0x0000000001000000-0x000000003ffeffff]
[    0.000000]   Normal   empty
[    0.000000]   Device   empty
[    0.000000] Movable zone start for each node
[    0.000000] Early memory node ranges
[    0.000000]   node   0: [mem 0x0000000000001000-0x000000000009efff]
[    0.000000]   node   0: [mem 0x0000000000100000-0x000000003ffeffff]
[    0.000000] Initmem setup node 0 [mem 0x0000000000001000-0x000000003ffeffff]
[    0.000000] ACPI: PM-Timer IO Port: 0x4008
[    0.000000] IOAPIC[0]: apic_id 2, version 32, address 0xfec00000, GSI 0-23
[    0.000000] ACPI: INT_SRC_OVR (bus 0 bus_irq 0 global_irq 2 dfl dfl)
[    0.000000] ACPI: INT_SRC_OVR (bus 0 bus_irq 9 global_irq 9 low level)
[    0.000000] Using ACPI (MADT) for SMP configuration information
[    0.000000] smpboot: Allowing 2 CPUs, 0 hotplug CPUs
[    0.000000] PM: Registered nosave memory: [mem 0x00000000-0x00000fff]
[    0.000000] PM: Registered nosave memory: [mem 0x0009f000-0x0009ffff]
[    0.000000] PM: Registered nosave memory: [mem 0x000a0000-0x000effff]
[    0.000000] PM: Registered nosave memory: [mem 0x000f0000-0x000fffff]
[    0.000000] e820: [mem 0x40000000-0xfebfffff] available for PCI devices
[    0.000000] Booting paravirtualized kernel on KVM
[    0.000000] clocksource: refined-jiffies: mask: 0xffffffff max_cycles: 0xffffffff, max_idle_ns: 7645519600211568 ns
[    0.000000] setup_percpu: NR_CPUS:512 nr_cpumask_bits:512 nr_cpu_ids:2 nr_node_ids:1
[    0.000000] PERCPU: Embedded 33 pages/cpu @ffff88003fc00000 s95640 r8192 d31336 u1048576
[    0.000000] Built 1 zonelists in Node order, mobility grouping on.  Total pages: 257912
[    0.000000] Policy zone: DMA32
[    0.000000] Kernel command line: BOOT_IMAGE=/boot/vmlinuz-4.4.0-204-generic root=LABEL=cloudimg-rootfs ro console=tty1 console=ttyS0
[    0.000000] PID hash table entries: 4096 (order: 3, 32768 bytes)
[    0.000000] Memory: 997656K/1048120K available (8641K kernel code, 1337K rwdata, 4044K rodata, 1496K init, 1296K bss, 50464K reserved, 0K cma-reserved)
[    0.000000] SLUB: HWalign=64, Order=0-3, MinObjects=0, CPUs=2, Nodes=1
[    0.000000] Hierarchical RCU implementation.
[    0.000000] 	Build-time adjustment of leaf fanout to 64.
[    0.000000] 	RCU restricting CPUs from NR_CPUS=512 to nr_cpu_ids=2.
[    0.000000] RCU: Adjusting geometry for rcu_fanout_leaf=64, nr_cpu_ids=2
[    0.000000] NR_IRQS:33024 nr_irqs:440 16
[    0.000000] Console: colour VGA+ 80x25
[    0.000000] console [tty1] enabled
[    0.000000] console [ttyS0] enabled
[    0.000000] tsc: Detected 2096.062 MHz processor
[    0.095328] Calibrating delay loop (skipped) preset value.. 4192.12 BogoMIPS (lpj=8384248)
[    0.096842] pid_max: default: 32768 minimum: 301
[    0.097661] ACPI: Core revision 20150930
[    0.099744] ACPI: 2 ACPI AML tables successfully acquired and loaded
[    0.100931] Security Framework initialized
[    0.101679] Yama: becoming mindful.
[    0.102366] AppArmor: AppArmor initialized
[    0.103230] Dentry cache hash table entries: 131072 (order: 8, 1048576 bytes)
[    0.104499] Inode-cache hash table entries: 65536 (order: 7, 524288 bytes)
[    0.106445] Mount-cache hash table entries: 2048 (order: 2, 16384 bytes)
[    0.107594] Mountpoint-cache hash table entries: 2048 (order: 2, 16384 bytes)
[    0.108896] Initializing cgroup subsys io
[    0.109654] Initializing cgroup subsys memory
[    0.110452] Initializing cgroup subsys devices
[    0.111210] Initializing cgroup subsys freezer
[    0.112015] Initializing cgroup subsys net_cls
[    0.112842] Initializing cgroup subsys perf_event
[    0.113745] Initializing cgroup subsys net_prio
[    0.114635] Initializing cgroup subsys hugetlb
[    0.115443] Initializing cgroup subsys pids
[    0.222861] mce: CPU supports 0 MCE banks
[    0.223736] Last level iTLB entries: 4KB 1024, 2MB 1024, 4MB 512
[    0.224788] Last level dTLB entries: 4KB 1536, 2MB 1536, 4MB 768, 1GB 0
[    0.225780] Spectre V1 : Mitigation: usercopy/swapgs barriers and __user pointer sanitization
[    0.227079] Spectre V2 : Spectre mitigation: LFENCE not serializing, switching to generic retpoline
[    0.228677] Spectre V2 : Mitigation: Full generic retpoline
[    0.229638] Spectre V2 : Spectre v2 / SpectreRSB mitigation: Filling RSB on context switch
[    0.231104] Speculative Store Bypass: Mitigation: Speculative Store Bypass disabled via prctl and seccomp
[    0.234562] Freeing SMP alternatives memory: 36K
[    0.239583] ftrace: allocating 32368 entries in 127 pages
[    0.290333] smpboot: APIC(0) Converting physical 0 to logical package 0
[    0.291389] smpboot: Max logical packages: 1
[    0.292305] x2apic enabled
[    0.293019] Switched APIC routing to physical x2apic.
[    0.294847] ..TIMER: vector=0x30 apic1=0 pin1=2 apic2=-1 pin2=-1
[    0.403893] smpboot: CPU0: AMD Ryzen 5 3500U with Radeon Vega Mobile Gfx (family: 0x17, model: 0x18, stepping: 0x1)
[    0.406007] Performance Events: Broken PMU hardware detected, using software events only.
[    0.407583] Failed to access perfctr msr (MSR c0010007 is 0)
[    0.414790] KVM setup paravirtual spinlock
[    0.418227] x86: Booting SMP configuration:
[    0.419038] .... node  #0, CPUs:      #1
[    0.419993] kvm-clock: cpu 1, msr 0:3ffe3041, secondary cpu clock
[    0.526843] mce: CPU supports 0 MCE banks
[    0.529234] x86: Booted up 1 node, 2 CPUs
[    0.530098] smpboot: Total of 2 processors activated (8384.24 BogoMIPS)
[    0.531499] devtmpfs: initialized
[    0.533998] evm: security.selinux
[    0.534579] evm: security.SMACK64
[    0.535127] evm: security.SMACK64EXEC
[    0.535661] evm: security.SMACK64TRANSMUTE
[    0.536245] evm: security.SMACK64MMAP
[    0.536793] evm: security.ima
[    0.537246] evm: security.capability
[    0.538806] clocksource: jiffies: mask: 0xffffffff max_cycles: 0xffffffff, max_idle_ns: 7645041785100000 ns
[    0.540491] futex hash table entries: 512 (order: 3, 32768 bytes)
[    0.541607] pinctrl core: initialized pinctrl subsystem
[    0.542616] RTC time: 19:32:03, date: 05/16/21
[    0.544958] NET: Registered protocol family 16
[    0.555782] cpuidle: using governor ladder
[    0.566712] cpuidle: using governor menu
[    0.568054] PCCT header not found.
[    0.570300] ACPI: bus type PCI registered
[    0.571918] acpiphp: ACPI Hot Plug PCI Controller Driver version: 0.5
[    0.574267] PCI: Using configuration type 1 for base access
[    0.575638] PCI: Using configuration type 1 for extended access
[    0.594425] ACPI: Added _OSI(Module Device)
[    0.595854] ACPI: Added _OSI(Processor Device)
[    0.597259] ACPI: Added _OSI(3.0 _SCP Extensions)
[    0.599319] ACPI: Added _OSI(Processor Aggregator Device)
[    0.603291] ACPI: Executed 1 blocks of module-level executable AML code
[    0.610453] ACPI: Interpreter enabled
[    0.611890] ACPI: (supports S0 S5)
[    0.613249] ACPI: Using IOAPIC for interrupt routing
[    0.615117] PCI: Using host bridge windows from ACPI; if necessary, use "pci=nocrs" and report a bug
[    0.620400] ACPI: PCI Root Bridge [PCI0] (domain 0000 [bus 00-ff])
[    0.621524] acpi PNP0A03:00: _OSC: OS supports [ExtendedConfig ASPM ClockPM Segments MSI]
[    0.623710] acpi PNP0A03:00: _OSC: platform does not support [PCIeCapability]
[    0.625297] acpi PNP0A03:00: _OSC: not requesting control; platform does not support [PCIeCapability]
[    0.627189] acpi PNP0A03:00: _OSC: OS requested [PCIeHotplug PME AER PCIeCapability]
[    0.628769] acpi PNP0A03:00: _OSC: platform willing to grant [PCIeHotplug PME AER]
[    0.630042] acpi PNP0A03:00: _OSC failed (AE_SUPPORT); disabling ASPM
[    0.631254] PCI host bridge to bus 0000:00
[    0.631935] pci_bus 0000:00: root bus resource [io  0x0000-0x0cf7 window]
[    0.639742] pci_bus 0000:00: root bus resource [io  0x0d00-0xffff window]
[    0.640860] pci_bus 0000:00: root bus resource [mem 0x000a0000-0x000bffff window]
[    0.642235] pci_bus 0000:00: root bus resource [mem 0x40000000-0xfdffffff window]
[    0.643558] pci_bus 0000:00: root bus resource [bus 00-ff]
[    0.645515] pci 0000:00:01.1: legacy IDE quirk: reg 0x10: [io  0x01f0-0x01f7]
[    0.646871] pci 0000:00:01.1: legacy IDE quirk: reg 0x14: [io  0x03f6]
[    0.648165] pci 0000:00:01.1: legacy IDE quirk: reg 0x18: [io  0x0170-0x0177]
[    0.649491] pci 0000:00:01.1: legacy IDE quirk: reg 0x1c: [io  0x0376]
[    0.668833] pci 0000:00:07.0: quirk: [io  0x4000-0x403f] claimed by PIIX4 ACPI
[    0.671290] pci 0000:00:07.0: quirk: [io  0x4100-0x410f] claimed by PIIX4 SMB
[    0.683788] ACPI: PCI Interrupt Link [LNKA] (IRQs 5 9 10 *11)
[    0.685239] ACPI: PCI Interrupt Link [LNKB] (IRQs 5 9 *10 11)
[    0.686489] ACPI: PCI Interrupt Link [LNKC] (IRQs 5 *9 10 11)
[    0.688710] ACPI: PCI Interrupt Link [LNKD] (IRQs 5 9 10 *11)
[    0.691220] ACPI: Enabled 2 GPEs in block 00 to 07
[    0.693288] vgaarb: setting as boot device: PCI:0000:00:02.0
[    0.694462] vgaarb: device added: PCI:0000:00:02.0,decodes=io+mem,owns=io+mem,locks=none
[    0.695885] vgaarb: loaded
[    0.696446] vgaarb: bridge control possible 0000:00:02.0
[    0.697568] SCSI subsystem initialized
[    0.698444] ACPI: bus type USB registered
[    0.699229] usbcore: registered new interface driver usbfs
[    0.700188] usbcore: registered new interface driver hub
[    0.701193] usbcore: registered new device driver usb
[    0.702461] PCI: Using ACPI for IRQ routing
[    0.703527] NetLabel: Initializing
[    0.704250] NetLabel:  domain hash size = 128
[    0.705099] NetLabel:  protocols = UNLABELED CIPSOv4
[    0.706033] NetLabel:  unlabeled traffic allowed by default
[    0.707182] amd_nb: Cannot enumerate AMD northbridges
[    0.708269] clocksource: Switched to clocksource kvm-clock
[    0.715999] AppArmor: AppArmor Filesystem Enabled
[    0.716860] pnp: PnP ACPI init
[    0.717980] pnp: PnP ACPI: found 3 devices
[    0.729734] clocksource: acpi_pm: mask: 0xffffff max_cycles: 0xffffff, max_idle_ns: 2085701024 ns
[    0.730896] NET: Registered protocol family 2
[    0.731799] TCP established hash table entries: 8192 (order: 4, 65536 bytes)
[    0.732857] TCP bind hash table entries: 8192 (order: 5, 131072 bytes)
[    0.733998] TCP: Hash tables configured (established 8192 bind 8192)
[    0.735199] UDP hash table entries: 512 (order: 2, 16384 bytes)
[    0.736162] UDP-Lite hash table entries: 512 (order: 2, 16384 bytes)
[    0.737320] NET: Registered protocol family 1
[    0.738108] pci 0000:00:00.0: Limiting direct PCI/PCI transfers
[    0.739102] pci 0000:00:01.0: Activating ISA DMA hang workarounds
[    0.740932] Unpacking initramfs...
[    0.973946] Freeing initrd memory: 14884K
[    0.974962] clocksource: tsc: mask: 0xffffffffffffffff max_cycles: 0x1e36a88731c, max_idle_ns: 440795269020 ns
[    0.977132] platform rtc_cmos: registered platform RTC device (no PNP device found)
[    0.978775] Scanning for low memory corruption every 60 seconds
[    0.980505] audit: initializing netlink subsys (disabled)
[    0.981556] audit: type=2000 audit(1621193528.631:1): initialized
[    0.982967] Initialise system trusted keyring
[    0.984398] HugeTLB registered 2 MB page size, pre-allocated 0 pages
[    0.988912] zbud: loaded
[    0.990974] VFS: Disk quotas dquot_6.6.0
[    0.991621] VFS: Dquot-cache hash table entries: 512 (order 0, 4096 bytes)
[    0.992741] squashfs: version 4.0 (2009/01/31) Phillip Lougher
[    0.995313] fuse init (API version 7.23)
[    0.997241] Key type big_key registered
[    0.998884] Allocating IMA MOK and blacklist keyrings.
[    1.003484] Key type asymmetric registered
[    1.004725] Asymmetric key parser 'x509' registered
[    1.005921] Block layer SCSI generic (bsg) driver version 0.4 loaded (major 249)
[    1.007809] io scheduler noop registered
[    1.009501] io scheduler deadline registered (default)
[    1.011506] io scheduler cfq registered
[    1.013357] pci_hotplug: PCI Hot Plug PCI Core version: 0.5
[    1.014787] pciehp: PCI Express Hot Plug Controller Driver version: 0.4
[    1.016016] ACPI: AC Adapter [AC] (on-line)
[    1.016906] input: Power Button as /devices/LNXSYSTM:00/LNXPWRBN:00/input/input0
[    1.018432] ACPI: Power Button [PWRF]
[    1.019151] input: Sleep Button as /devices/LNXSYSTM:00/LNXSLPBN:00/input/input1
[    1.020460] ACPI: Sleep Button [SLPF]
[    1.021341] GHES: HEST is not enabled!
[    1.021827] ACPI: Battery Slot [BAT0] (battery present)
[    1.023644] Serial: 8250/16550 driver, 32 ports, IRQ sharing enabled
[    1.046280] 00:02: ttyS0 at I/O 0x3f8 (irq = 4, base_baud = 115200) is a 16550A
[    1.051709] Linux agpgart interface v0.103
[    1.056604] loop: module loaded
[    1.059081] scsi host0: ata_piix
[    1.060917] scsi host1: ata_piix
[    1.062372] ata1: PATA max UDMA/33 cmd 0x1f0 ctl 0x3f6 bmdma 0xd000 irq 14
[    1.064781] ata2: PATA max UDMA/33 cmd 0x170 ctl 0x376 bmdma 0xd008 irq 15
[    1.067157] libphy: Fixed MDIO Bus: probed
[    1.068128] tun: Universal TUN/TAP device driver, 1.6
[    1.069083] tun: (C) 1999-2004 Max Krasnyansky <maxk@qualcomm.com>
[    1.070318] PPP generic driver version 2.4.2
[    1.071241] ehci_hcd: USB 2.0 'Enhanced' Host Controller (EHCI) Driver
[    1.072407] ehci-pci: EHCI PCI platform driver
[    1.073251] ehci-platform: EHCI generic platform driver
[    1.074173] ohci_hcd: USB 1.1 'Open' Host Controller (OHCI) Driver
[    1.075271] ohci-pci: OHCI PCI platform driver
[    1.076177] ohci-platform: OHCI generic platform driver
[    1.077180] uhci_hcd: USB Universal Host Controller Interface driver
[    1.078385] i8042: PNP: PS/2 Controller [PNP0303:PS2K,PNP0f03:PS2M] at 0x60,0x64 irq 1,12
[    1.080449] serio: i8042 KBD port at 0x60,0x64 irq 1
[    1.081370] serio: i8042 AUX port at 0x60,0x64 irq 12
[    1.082694] mousedev: PS/2 mouse device common for all mice
[    1.084701] input: AT Translated Set 2 keyboard as /devices/platform/i8042/serio0/input/input2
[    1.086387] rtc_cmos rtc_cmos: rtc core: registered rtc_cmos as rtc0
[    1.087695] rtc_cmos rtc_cmos: alarms up to one day, 114 bytes nvram
[    1.089181] i2c /dev entries driver
[    1.090152] device-mapper: uevent: version 1.0.3
[    1.091218] device-mapper: ioctl: 4.34.0-ioctl (2015-10-28) initialised: dm-devel@redhat.com
[    1.092878] ledtrig-cpu: registered to indicate activity on CPUs
[    1.094972] NET: Registered protocol family 10
[    1.096317] NET: Registered protocol family 17
[    1.097163] Key type dns_resolver registered
[    1.098989] registered taskstats version 1
[    1.099724] Loading compiled-in X.509 certificates
[    1.101207] Loaded X.509 cert 'Build time autogenerated kernel key: 7d89d4973e8e82529e7123890c54abbb198c4f27'
[    1.103054] zswap: loaded using pool lzo/zbud
[    1.107564] Key type trusted registered
[    1.116634] Key type encrypted registered
[    1.118408] AppArmor: AppArmor sha1 policy hashing enabled
[    1.120547] ima: No TPM chip found, activating TPM-bypass!
[    1.122708] ima: Allocated hash algorithm: sha1
[    1.124712] evm: HMAC attrs: 0x1
[    1.127253]   Magic number: 5:689:546
[    1.129549] tty ttyS22: hash matches
[    1.130470] mem null: hash matches
[    1.131356] rtc_cmos rtc_cmos: setting system clock to 2021-05-16 19:32:04 UTC (1621193524)
[    1.133439] BIOS EDD facility v0.16 2004-Jun-25, 0 devices found
[    1.134406] EDD information not available.
[    1.248120] Freeing unused kernel memory: 1496K
[    1.249867] Write protecting the kernel read-only data: 14336k
[    1.252810] Freeing unused kernel memory: 1588K
[    1.254842] Freeing unused kernel memory: 52K
Loading, please wait...
starting version 229
[    1.277022] random: systemd-udevd: uninitialized urandom read (16 bytes read, 3 bits of entropy available)
[    1.279025] random: systemd-udevd: uninitialized urandom read (16 bytes read, 3 bits of entropy available)
[    1.279746] random: udevadm: uninitialized urandom read (16 bytes read, 3 bits of entropy available)
[    1.279909] random: udevadm: uninitialized urandom read (16 bytes read, 3 bits of entropy available)
[    1.287858] random: systemd-udevd: uninitialized urandom read (16 bytes read, 3 bits of entropy available)
[    1.289863] random: systemd-udevd: uninitialized urandom read (16 bytes read, 3 bits of entropy available)
[    1.292594] random: systemd-udevd: uninitialized urandom read (16 bytes read, 3 bits of entropy available)
[    1.293616] random: udevadm: uninitialized urandom read (16 bytes read, 3 bits of entropy available)
[    1.293787] random: udevadm: uninitialized urandom read (16 bytes read, 3 bits of entropy available)
[    1.294022] random: udevadm: uninitialized urandom read (16 bytes read, 3 bits of entropy available)
[    1.432198] e1000: Intel(R) PRO/1000 Network Driver - version 7.3.21-k8-NAPI
[    1.433655] e1000: Copyright (c) 1999-2006 Intel Corporation.
[    1.437347] Fusion MPT base driver 3.04.20
[    1.438288] Copyright (c) 1999-2008 LSI Corporation
[    1.444654] Fusion MPT SPI Host driver 3.04.20
[    1.451474] mptbase: ioc0: Initiating bringup
[    1.491422] AVX2 version of gcm_enc/dec engaged.
[    1.492645] AES CTR mode by8 optimization enabled
[    1.516780] ioc0: LSI53C1030 A0: Capabilities={Initiator}
[    1.678516] input: ImExPS/2 Generic Explorer Mouse as /devices/platform/i8042/serio1/input/input4
[    1.763920] scsi host2: ioc0: LSI53C1030 A0, FwRev=00000000h, Ports=1, MaxQ=256, IRQ=20
[    1.878647] scsi 2:0:0:0: Direct-Access     VBOX     HARDDISK         1.0  PQ: 0 ANSI: 5
[    1.881900] scsi target2:0:0: Beginning Domain Validation
[    1.900147] scsi target2:0:0: Domain Validation skipping write tests
[    1.901670] scsi target2:0:0: Ending Domain Validation
[    1.902754] scsi target2:0:0: asynchronous
[    1.904112] scsi 2:0:1:0: Direct-Access     VBOX     HARDDISK         1.0  PQ: 0 ANSI: 5
[    1.905772] scsi target2:0:1: Beginning Domain Validation
[    1.908108] scsi target2:0:1: Domain Validation skipping write tests
[    1.909243] scsi target2:0:1: Ending Domain Validation
[    1.910274] scsi target2:0:1: asynchronous
[    1.933998] sd 2:0:0:0: [sda] 83886080 512-byte logical blocks: (42.9 GB/40.0 GiB)
[    1.934763] sd 2:0:0:0: Attached scsi generic sg0 type 0
[    1.935337] sd 2:0:1:0: Attached scsi generic sg1 type 0
[    1.937395] sd 2:0:1:0: [sdb] 20480 512-byte logical blocks: (10.5 MB/10.0 MiB)
[    1.940235] sd 2:0:0:0: [sda] Write Protect is off
[    1.941320] sd 2:0:0:0: [sda] Incomplete mode parameter data
[    1.942519] sd 2:0:0:0: [sda] Assuming drive cache: write through
[    1.946140] sd 2:0:1:0: [sdb] Write Protect is off
[    1.947487] sd 2:0:1:0: [sdb] Incomplete mode parameter data
[    1.948606] sd 2:0:1:0: [sdb] Assuming drive cache: write through
[    1.951449]  sda: sda1
[    1.953221] sd 2:0:0:0: [sda] Attached SCSI disk
[    1.954317] sd 2:0:1:0: [sdb] Attached SCSI disk
[    2.574634] e1000 0000:00:03.0 eth0: (PCI:33MHz:32-bit) 02:96:8e:bc:5b:f3
[    2.575931] e1000 0000:00:03.0 eth0: Intel(R) PRO/1000 Network Connection
[    3.111240] e1000 0000:00:08.0 eth1: (PCI:33MHz:32-bit) 08:00:27:41:fa:a1
[    3.112844] e1000 0000:00:08.0 eth1: Intel(R) PRO/1000 Network Connection
[    3.116845] e1000 0000:00:03.0 enp0s3: renamed from eth0
[    3.133104] e1000 0000:00:08.0 enp0s8: renamed from eth1
Begin: Loading essential drivers ... [    4.476665] md: linear personality registered for level -1
[    4.479725] md: multipath personality registered for level -4
[    4.483119] md: raid0 personality registered for level 0
[    4.486793] md: raid1 personality registered for level 1
[    4.556370] raid6: sse2x1   gen()  7799 MB/s
[    4.624384] raid6: sse2x1   xor()  7424 MB/s
[    4.692283] raid6: sse2x2   gen() 16333 MB/s
[    4.760382] raid6: sse2x2   xor() 10115 MB/s
[    4.828359] raid6: sse2x4   gen() 16333 MB/s
[    4.896349] raid6: sse2x4   xor()  7886 MB/s
[    4.965584] raid6: avx2x1   gen() 18262 MB/s
[    5.032380] raid6: avx2x2   gen() 22902 MB/s
[    5.100490] raid6: avx2x4   gen() 22591 MB/s
[    5.101435] raid6: using algorithm avx2x2 gen() 22902 MB/s
[    5.102518] raid6: using avx2x2 recovery algorithm
[    5.105960] xor: automatically using best checksumming function:
[    5.148330]    avx       :  9466.000 MB/sec
[    5.151217] async_tx: api initialized (async)
[    5.161959] md: raid6 personality registered for level 6
[    5.162978] md: raid5 personality registered for level 5
[    5.164040] md: raid4 personality registered for level 4
[    5.171363] md: raid10 personality registered for level 10
done.
Begin: Running /scripts/init-premount ... done.
Begin: Mounting root file system ... Begin: Running /scripts/local-top ... done.
Begin: Running /scripts/local-premount ... [    5.211500] Btrfs loaded
Scanning for Btrfs filesystems
done.
Warning: fsck not present, so skipping root file system
[    5.256459] EXT4-fs (sda1): mounted filesystem with ordered data mode. Opts: (null)
done.
Begin: Running /scripts/local-bottom ... done.
Begin: Running /scripts/init-bottom ... done.
[    5.409796] systemd[1]: systemd 229 running in system mode. (+PAM +AUDIT +SELINUX +IMA +APPARMOR +SMACK +SYSVINIT +UTMP +LIBCRYPTSETUP +GCRYPT +GNUTLS +ACL +XZ -LZ4 +SECCOMP +BLKID +ELFUTILS +KMOD -IDN)
[    5.415833] systemd[1]: Detected virtualization oracle.
[    5.416736] systemd[1]: Detected architecture x86-64.

Welcome to [1mUbuntu 16.04.7 LTS[0m!

[    5.421546] systemd[1]: Set hostname to <ubuntu>.
[    5.427899] systemd[1]: Initializing machine ID from random generator.
[    5.429968] systemd[1]: Installed transient /etc/machine-id file.
[    5.594906] systemd[1]: Started Trigger resolvconf update for networkd DNS.
[[0;32m  OK  [0m] Started Trigger resolvconf update for networkd DNS.
[    5.596662] systemd[1]: Started Forward Password Requests to Wall Directory Watch.
[[0;32m  OK  [0m] Started Forward Password Requests to Wall Directory Watch.
[    5.604684] systemd[1]: Listening on Syslog Socket.
[[0;32m  OK  [0m] Listening on Syslog Socket.
[    5.608082] systemd[1]: Reached target Encrypted Volumes.
[[0;32m  OK  [0m] Reached target Encrypted Volumes.
[    5.610617] systemd[1]: Listening on LVM2 metadata daemon socket.
[[0;32m  OK  [0m] Listening on LVM2 metadata daemon socket.
[    5.613145] systemd[1]: Listening on Journal Audit Socket.
[[0;32m  OK  [0m] Listening on Journal Audit Socket.
[    5.615869] systemd[1]: Listening on Device-mapper event daemon FIFOs.
[[0;32m  OK  [0m] Listening on Device-mapper event daemon FIFOs.
[    5.619061] systemd[1]: Listening on Journal Socket (/dev/log).
[[0;32m  OK  [0m] Listening on Journal Socket (/dev/log).
[    5.624397] systemd[1]: Reached target Swap.
[[0;32m  OK  [0m] Reached target Swap.
[    5.625605] systemd[1]: Listening on /dev/initctl Compatibility Named Pipe.
[[0;32m  OK  [0m] Listening on /dev/initctl Compatibility Named Pipe.
[    5.627465] systemd[1]: Listening on fsck to fsckd communication Socket.
[[0;32m  OK  [0m] Listening on fsck to fsckd communication Socket.
[    5.629374] systemd[1]: Listening on udev Kernel Socket.
[[0;32m  OK  [0m] Listening on udev Kernel Socket.
[    5.633201] systemd[1]: Created slice System Slice.
[[0;32m  OK  [0m] Created slice System Slice.
[    5.637263] systemd[1]: Set up automount Arbitrary Executable File Formats File System Automount Point.
[[0;32m  OK  [0m] Set up automount Arbitrary Executab...ats File System Automount Point.
[    5.640358] systemd[1]: Listening on LVM2 poll daemon socket.
[[0;32m  OK  [0m] Listening on LVM2 poll daemon socket.
[    5.649375] systemd[1]: Created slice User and Session Slice.
[[0;32m  OK  [0m] Created slice User and Session Slice.
[    5.653195] systemd[1]: Reached target Slices.
[[0;32m  OK  [0m] Reached target Slices.
[    5.656721] systemd[1]: Created slice system-serial\x2dgetty.slice.
[[0;32m  OK  [0m] Created slice system-serial\x2dgetty.slice.
[    5.658553] systemd[1]: Listening on Journal Socket.
[[0;32m  OK  [0m] Listening on Journal Socket.
[    5.676684] systemd[1]: Starting Journal Service...
         Starting Journal Service...
[    5.684082] systemd[1]: Starting Create list of required static device nodes for the current kernel...
         Starting Create list of required st... nodes for the current kernel...
[    5.690570] systemd[1]: Starting Set console keymap...
         Starting Set console keymap...
[    5.702378] systemd[1]: Starting Nameserver information manager...
         Starting Nameserver information manager...
[    5.713055] systemd[1]: Mounting Huge Pages File System...
         Mounting Huge Pages File System...
[    5.736590] systemd[1]: Starting Monitoring of LVM2 mirrors, snapshots etc. using dmeventd or progress polling...
         Starting Monitoring of LVM2 mirrors... dmeventd or progress polling...
[    5.741261] systemd[1]: Starting File System Check on Root Device...
         Starting File System Check on Root Device...
[    5.743671] systemd[1]: Starting Uncomplicated firewall...
         Starting Uncomplicated firewall...
[    5.753372] systemd[1]: Mounting Debug File System...
         Mounting Debug File System...
[    5.762183] systemd[1]: Reached target System Time Synchronized.
[[0;32m  OK  [0m] Reached target System Time Synchronized.
[    5.767333] systemd[1]: Starting Load Kernel Modules...
         Starting Load Kernel Modules...
[    5.771040] systemd[1]: Mounting POSIX Message Queue File System...
         Mounting POSIX Message Queue File System...
[    5.776985] systemd[1]: Listening on udev Control Socket.
[[0;32m  OK  [0m] Listening on udev Control Socket.
[    5.779859] systemd[1]: Reached target User and Group Name Lookups.
[[0;32m  OK  [0m] Reached target User and Group Name Lookups.
[    5.784602] systemd[1]: Mounted Huge Pages File System.
[[0;32m  OK  [0m] Mounted Huge Pages File System.
[    5.786242] systemd[1]: Mounted POSIX Message Queue File System.
[[0;32m  OK  [0m] Mounted POSIX Message Queue File System.
[    5.787888] systemd[1]: Mounted Debug File System.
[[0;32m  OK  [0m] Mounted Debug File System.
[    5.789496] systemd[1]: Started Journal Service.
[[0;32m  OK  [0m] Started Journal Service.
[    5.792002] Loading iSCSI transport class v2.0-870.
[[0;32m  OK  [0m] Started Create list of required sta...ce nodes for the current kernel.
[[0;32m  OK  [0m] Started Set console keymap.
[[0;32m  OK  [0m] Started File System Check on Root Device.
[[0;32m  OK  [0m] Started Uncomplicated firewall.
[    5.802545] iscsi: registered transport (tcp)
[[0;32m  OK  [0m] Started Nameserver information manager.
[[0;32m  OK  [0m] Started File System Check Daemon to report status.
[[0;32m  OK  [0m] Started LVM2 metadata daemon.
         Starting Remount Root and Kernel File Systems...
[    5.831693] EXT4-fs (sda1): re-mounted. Opts: (null)
         Starting Create Static Device Nodes in /dev...
[[0;32m  OK  [0m] Started Remount Root and Kernel File Systems.
[    5.842515] iscsi: registered transport (iser)
[[0;32m  OK  [0m] Started Load Kernel Modules.
         Mounting FUSE Control File System...
         Starting Apply Kernel Variables...
         Starting Load/Save Random Seed...
         Starting Flush Journal to Persistent Storage...
         Starting udev Coldplug all Devices...
[[0;32m  OK  [0m] Mounted FUSE Control File System.
[[0;32m  OK  [0m] Started Create Static Device Nodes in /dev.
[[0;32m  OK  [0m] Started Apply Kernel Variables.
[[0;32m  OK  [0m] Started Load/Save Random Seed.
         Starting udev Kernel Device Manager...
[[0;32m  OK  [0m] Started Flush Journal to Persistent Storage.
[[0;32m  OK  [0m] Started udev Kernel Device Manager.
[[0;32m  OK  [0m] Started udev Coldplug all Devices.
[[0;32m  OK  [0m] Started Dispatch Password Requests to Console Directory Watch.
[[0;32m  OK  [0m] Started Monitoring of LVM2 mirrors,...ng dmeventd or progress polling.
[[0;32m  OK  [0m] Reached target Local File Systems (Pre).
[[0;32m  OK  [0m] Reached target Local File Systems.
         Starting Create Volatile Files and Directories...
         Starting Set console font and keymap...
         Starting Tell Plymouth To Write Out Runtime Data...
         Starting LSB: AppArmor initialization...
         Starting Initial cloud-init job (pre-networking)...
         Starting Commit a transient machine-id on disk...
[[0;32m  OK  [0m] Started Create Volatile Files and Directories.
         Starting Update UTMP about System Boot/Shutdown...
[[0;32m  OK  [0m] Started Tell Plymouth To Write Out Runtime Data.
[[0;32m  OK  [0m] Started Update UTMP about System Boot/Shutdown.
[[0;32m  OK  [0m] Started Commit a transient machine-id on disk.
[[0;32m  OK  [0m] Found device /dev/ttyS0.
[[0;32m  OK  [0m] Listening on Load/Save RF Kill Switch Status /dev/rfkill Watch.
[[0;32m  OK  [0m] Started Set console font and keymap.
[[0;32m  OK  [0m] Created slice system-getty.slice.
[[0;32m  OK  [0m] Started LSB: AppArmor initialization.
[    7.398599] cloud-init[493]: Cloud-init v. 20.4.1-0ubuntu1~16.04.1 running 'init-local' at Sun, 16 May 2021 19:32:10 +0000. Up 6.97 seconds.
         Starting Load AppArmor profiles managed internally by snapd...
[[0;32m  OK  [0m] Started Load AppArmor profiles managed internally by snapd.
[[0;32m  OK  [0m] Started Initial cloud-init job (pre-networking).
[[0;32m  OK  [0m] Reached target Network (Pre).
         Starting Raise network interfaces...
[[0;32m  OK  [0m] Started Raise network interfaces.
[[0;32m  OK  [0m] Reached target Network.
         Starting Initial cloud-init job (metadata service crawler)...
[    8.700292] cloud-init[957]: Cloud-init v. 20.4.1-0ubuntu1~16.04.1 running 'init' at Sun, 16 May 2021 19:32:11 +0000. Up 8.08 seconds.
[    8.702260] cloud-init[957]: ci-info: ++++++++++++++++++++++++++++++++++++++Net device info+++++++++++++++++++++++++++++++++++++++
[    8.703584] cloud-init[957]: ci-info: +--------+-------+----------------------------+---------------+--------+-------------------+
[    8.704898] cloud-init[957]: ci-info: | Device |   Up  |          Address           |      Mask     | Scope  |     Hw-Address    |
[    8.706478] cloud-init[957]: ci-info: +--------+-------+----------------------------+---------------+--------+-------------------+
[    8.707657] cloud-init[957]: ci-info: | enp0s3 |  True |         10.0.2.15          | 255.255.255.0 | global | 02:96:8e:bc:5b:f3 |
[    8.716533] cloud-init[957]: ci-info: | enp0s3 |  True | fe80::96:8eff:febc:5bf3/64 |       .       |  link  | 02:96:8e:bc:5b:f3 |
[    8.717754] cloud-init[957]: ci-info: | enp0s8 | False |             .              |       .       |   .    | 08:00:27:41:fa:a1 |
[    8.719084] cloud-init[957]: ci-info: |   lo   |  True |         127.0.0.1          |   255.0.0.0   |  host  |         .         |
[    8.720610] cloud-init[957]: ci-info: |   lo   |  True |          ::1/128           |       .       |  host  |         .         |
[    8.721986] cloud-init[957]: ci-info: +--------+-------+----------------------------+---------------+--------+-------------------+
[    8.728509] cloud-init[957]: ci-info: +++++++++++++++++++++++++++Route IPv4 info++++++++++++++++++++++++++++
[    8.729646] cloud-init[957]: ci-info: +-------+-------------+----------+---------------+-----------+-------+
[    8.730932] cloud-init[957]: ci-info: | Route | Destination | Gateway  |    Genmask    | Interface | Flags |
[    8.732268] cloud-init[957]: ci-info: +-------+-------------+----------+---------------+-----------+-------+
[    8.740621] cloud-init[957]: ci-info: |   0   |   0.0.0.0   | 10.0.2.2 |    0.0.0.0    |   enp0s3  |   UG  |
[    8.742056] cloud-init[957]: ci-info: |   1   |   10.0.2.0  | 0.0.0.0  | 255.255.255.0 |   enp0s3  |   U   |
[    8.748642] cloud-init[957]: ci-info: +-------+-------------+----------+---------------+-----------+-------+
[    8.756643] cloud-init[957]: ci-info: +++++++++++++++++++Route IPv6 info+++++++++++++++++++
[    8.757966] cloud-init[957]: ci-info: +-------+-------------+---------+-----------+-------+
[    8.759426] cloud-init[957]: ci-info: | Route | Destination | Gateway | Interface | Flags |
[    8.768633] cloud-init[957]: ci-info: +-------+-------------+---------+-----------+-------+
[    8.769751] cloud-init[957]: ci-info: |   0   |  fe80::/64  |    ::   |   enp0s3  |   U   |
[[0;32m  OK  [0m] Started Initial cloud-init job (metadata service crawler).
[    8.772964] cloud-init[957]: ci-info: |   3   |   ff00::/8  |    ::   |   enp0s3  |   U   |
[[0;32m  OK  [0m] Reached target System Initialization.
[    8.781020] cloud-init[957]: ci-info: +-------+-------------+---------+-----------+-------+
[    8.796320] [[0;32m  OK  [0m] Started ACPI Events Check.
[[0;32m  OK  [0m] Reached target Paths.
cloud-init[957]: Generating public/private rsa key pair.
[    8.804558] [cloud-init[0;32m  OK  [0m[957]: ] Your identification has been saved in /etc/ssh/ssh_host_rsa_key.Started Daily apt download activities.

[[0;32m  OK  [0m] Listening on UUID daemon activation socket.
[[0;32m  OK  [0m] Started Message of the Day.
[[0;32m  OK  [0m] Listening on ACPID Listen Socket.
[[0;32m  OK  [0m] Started Daily Cleanup of Temporary Directories.
[[0;32m  OK  [0m] Started Daily apt upgrade and clean activities.
[[0;32m  OK  [0m] Reached target Timers.
[    8.808726]          Starting LXD - unix socket.
cloud-init[957]:          Starting Socket activation for snappy daemon.
[[0;32m  OK  [0m] Listening on D-Bus System Message Bus Socket.
[[0;32m  OK  [0m] Reached target Cloud-config availability.
[[0;32m  OK  [0m] Reached target Network is Online.
Your public key has been saved in /etc/ssh/ssh_host_rsa_key.pub.
[    8.812115] cloud-init[957]: The key fingerprint is:
[    8.812905] cloud-init[957]: SHA256:I2vOP6QrTH3pec9MMvvNbbeeLSTQmSb0WphcZDX7xWQ root@ubuntu-xenial
[    8.820272]          Starting iSCSI initiator daemon (iscsid)...
cloud-init[957]: The key's randomart image is:
[    8.821407] [[0;32m  OK  [0m] Listening on LXD - unix socket.
[[0;32m  OK  [0m] Listening on Socket activation for snappy daemon.
[[0;32m  OK  [0m] Reached target Sockets.
[[0;32m  OK  [0m] Reached target Basic System.
cloud-init[957]: +---[RSA 2048]----+         
[    8.825011] Starting Login Service...
cloud-init[957]:          Starting LSB: MD monitoring daemon...
[[0;32m  OK  [0m] Started Regular background program processing daemon.
|           .o.o E|
         Starting LXD - container startup/shutdown...
         Starting LSB: Record successful boot for GRUB...
         Starting Accounts Service...
         Starting /etc/rc.local Compatibility...
[    8.833802] [[0;32m  OK  [0m] Started ACPI event daemon.
         Starting Pollinate to seed the pseudo random number generator...
         Starting System Logging Service...
[[0;32m  OK  [0m] Started FUSE filesystem for LXC.
[[0;32m  OK  [0m] Started D-Bus System Message Bus.
cloud-init[957]: |          ...  * |
[    8.865112] cloud-init[957]: |         o * o. o|
[    8.866254] cloud-init[957]: |          * B  ..|
[    8.866844] cloud-init[957]: |     .. S. *    .|
[    8.867490] cloud-init[957]: |    . .o+.. . .  |
[    8.876295] cloud-init[957]: |   o  o= .o .o   |
[    8.876809] cloud-init[957]: |    o+. + .B o..=|
[    8.878782] cloud-init[957]: |     .+o.o.o= +*=|
[    8.880141] cloud-init[957]: +----[SHA256]-----+
[    8.880815] cloud-init[957]: Generating public/private dsa key pair.
[    8.888723] cloud-init[957]: Your identification has been saved in /etc/ssh/ssh_host_dsa_key.
[    8.889792] cloud-init[957]: Your public key has been saved in /etc/ssh/ssh_host_dsa_key.pub.
[    8.891015] cloud-init[957]: The key fingerprint is:
[    8.896860] cloud-init[957]: SHA256:d29SNPCT+PoxNdKa8fsGQKsjP3HcaI66WIyHs9ETCDU root@ubuntu-xenial
[    8.898062] cloud-init[957]: The key's randomart image is:
[    8.899000] cloud-init[957]: +---[DSA 1024]----+
[    8.899891] cloud-init[957]: |      E     .    |
[    8.900804] cloud-init[957]: |     . .    .+ . |
[    8.901627] cloud-init[957]: |    .      ...*  |
[    8.902369] cloud-init[957]: |     . .    oo.o |
[    8.908248] cloud-init[957]: |      . S .o.*oo.|
[    8.910469] cloud-init[957]: |       =.o+.=+O..|
[    8.911418] cloud-init[957]: |      = *o Boo=o |
[    8.912375] cloud-init[957]: |       B .+ .+ oo|
[    8.912928] cloud-init[957]: |      o oo .  .oo|
[    8.913523] cloud-init[957]: +----[SHA256]-----+
[    8.922428] cloud-init[957]: Generating public/private ecdsa key pair.
[    8.923773] cloud-init[957]: Your identification has been saved in /etc/ssh/ssh_host_ecdsa_key.
[    8.925193] cloud-init[957]: Your public key has been saved in /etc/ssh/ssh_host_ecdsa_key.pub.
[    8.926275] cloud-init[957]: The key fingerprint is:
[    8.927004] cloud-init[957]: SHA256:gUJQmfYuLLn7AZUacjoJlieJQhWt9DVxQttKEVW+Vqw root@ubuntu-xenial
[    8.936376] cloud-init[957]: The key's randomart image is:
[    8.937061] cloud-init[957]: +---[ECDSA 256]---+
[    8.938064] cloud-init[957]: | .o==o.*+o..     |
[    8.939074] cloud-init[957]: |o oo+o +* . .    |
         Starting Virtualbox guest utils...
[    8.951236] cloud-init[957]: |==+o*.ooo. . o   |
[    8.952099] cloud-init[957]: |+=o= oo ..  +    |
[[0;32m  OK  [0m] Started Deferred execution scheduler.
         Starting Snap Daemon...
[[0;32m  OK  [0m] Started System Logging Service.
[[0;32m  OK  [0m] Started /etc/rc.local Compatibility.
[    8.960154] cloud-init[957]: |+ oo . .S  E     |
[    8.962076] cloud-init[957]: | .o.o .   .      |
[    8.962703] cloud-init[957]: |   o..           |
[    8.963750] cloud-init[957]: |  .  .           |
[    8.964921] cloud-init[957]: |  .o.            |
[    8.965865] cloud-init[957]: +----[SHA256]-----+
[    8.966720] cloud-init[957]: Generating public/private ed25519 key pair.
         Starting Authenticate and Authorize Users to Run Privileged Tasks...
[[0;32m  OK  [0m] Started Login Service.
[[0;32m  OK  [0m] Started Unattended Upgrades Shutdown.
[    8.973763] cloud-init[957]: Your identification has been saved in /etc/ssh/ssh_host_ed25519_key.
[    8.989828] cloud-init[957]: Your public key has been saved in /etc/ssh/ssh_host_ed25519_key.pub.
[    8.991428] cloud-init[957]: The key fingerprint is:
[    8.992377] cloud-init[957]: SHA256:VkzUaZvmiIcvV9x3F/1qGVkp+8EBFMbxS3tp9aPPak8 root@ubuntu-xenial
[    8.997648] cloud-init[957]: The key's randomart image is:
[    9.000964] cloud-init[957]: +--[ED25519 256]--+
[    9.001592] cloud-init[957]: |         .o.o*o  |
[    9.009318] cloud-init[957]: |         o  =o.  |
[[0;32m  OK  [0m] Started iSCSI initiator daemon (iscsid).
[[0;32m  OK  [0m] Started LSB: Record successful boot for GRUB.
         Starting Login to default iSCSI targets...
[[0;32m  OK  [0m] Started LSB: MD monitoring daemon.
[    9.048393] cloud-init[957]: |          o. o.o+|
[    9.059226] cloud-init[957]: |         .  +..+O|
[    9.060931] cloud-init[957]: |        So = .+O*|
[    9.068520] cloud-init[957]: |       .o o +.*oB|
[    9.069557] cloud-init[957]: |         o . ..E+|
[    9.070350] cloud-init[957]: |        . o  .B. |
[    9.080392] cloud-init[957]: |         o  .oo+ |
[    9.080531] cloud-init[957]: +----[SHA256]-----+
[[0;32m  OK  [0m] Started Authenticate and Authorize Users to Run Privileged Tasks.
[[0;32m  OK  [0m] Started Accounts Service.
[[0;32m  OK  [0m] Started Login to default iSCSI targets.
[[0;32m  OK  [0m] Reached target Remote File Systems (Pre).
[[0;32m  OK  [0m] Reached target Remote File Systems.
         Starting Permit User Sessions...
         Starting LSB: daemon to balance interrupts for SMP systems...
         Starting LSB: automatic crash report generation...
         Starting LSB: Set the CPU Frequency Scaling governor to "ondemand"...
[[0;32m  OK  [0m] Started Permit User Sessions.
         Starting Hold until boot process finishes up...
         Starting Terminate Plymouth Boot Screen...
[[0;32m  OK  [0m] Started Hold until boot process finishes up.
         Starting Set console scheme...
[[0;32m  OK  [0m] Started Getty on tty1.
[[0;32m  OK  [0m] Started Serial Getty on ttyS0.
[[0;32m  OK  [0m] Reached target Login Prompts.
[[0;32m  OK  [0m] Started Terminate Plymouth Boot Screen.
[[0;32m  OK  [0m] Started Set console scheme.
[[0;32m  OK  [0m] Started Virtualbox guest utils.
[[0;32m  OK  [0m] Started LSB: Set the CPU Frequency Scaling governor to "ondemand".
[[0;32m  OK  [0m] Started LXD - container startup/shutdown.
[[0;32m  OK  [0m] Started LSB: daemon to balance interrupts for SMP systems.
[[0;32m  OK  [0m] Started LSB: automatic crash report generation.
[[0;32m  OK  [0m] Started Snap Daemon.
         Starting Wait until snapd is fully seeded...
[[0;32m  OK  [0m] Started Wait until snapd is fully seeded.
         Starting Apply the settings specified in cloud-config...
[    9.995418] cloud-init[1278]: Generating locales (this might take a while)...
[[0;32m  OK  [0m] Started Pollinate to seed the pseudo random number generator.
         Starting OpenBSD Secure Shell server...
[[0;32m  OK  [0m] Started OpenBSD Secure Shell server.
[[0;32m  OK  [0m] Reached target Multi-User System.
[[0;32m  OK  [0m] Reached target Graphical Interface.
         Starting Update UTMP about System Runlevel Changes...
[[0;32m  OK  [0m] Started Update UTMP about System Runlevel Changes.
[   10.786404] cloud-init[1278]:   en_US.UTF-8... done
[   10.788542] cloud-init[1278]: Generation complete.
[   11.235087] cloud-init[1278]: Cloud-init v. 20.4.1-0ubuntu1~16.04.1 running 'modules:config' at Sun, 16 May 2021 19:32:13 +0000. Up 9.85 seconds.
[[0;32m  OK  [0m] Started Apply the settings specified in cloud-config.
         Starting Execute cloud user/final scripts...
ci-info: no authorized SSH keys fingerprints found for user ubuntu.
<14>May 16 19:32:15 ec2: 
<14>May 16 19:32:15 ec2: #############################################################
<14>May 16 19:32:15 ec2: -----BEGIN SSH HOST KEY FINGERPRINTS-----
<14>May 16 19:32:15 ec2: 1024 SHA256:d29SNPCT+PoxNdKa8fsGQKsjP3HcaI66WIyHs9ETCDU root@ubuntu-xenial (DSA)
<14>May 16 19:32:15 ec2: 256 SHA256:gUJQmfYuLLn7AZUacjoJlieJQhWt9DVxQttKEVW+Vqw root@ubuntu-xenial (ECDSA)
<14>May 16 19:32:15 ec2: 256 SHA256:VkzUaZvmiIcvV9x3F/1qGVkp+8EBFMbxS3tp9aPPak8 root@ubuntu-xenial (ED25519)
<14>May 16 19:32:15 ec2: 2048 SHA256:I2vOP6QrTH3pec9MMvvNbbeeLSTQmSb0WphcZDX7xWQ root@ubuntu-xenial (RSA)
<14>May 16 19:32:15 ec2: -----END SSH HOST KEY FINGERPRINTS-----
<14>May 16 19:32:15 ec2: #############################################################
-----BEGIN SSH HOST KEY KEYS-----
ecdsa-sha2-nistp256 AAAAE2VjZHNhLXNoYTItbmlzdHAyNTYAAAAIbmlzdHAyNTYAAABBBGwzCCjS+OsPvNTH6k2cP4+zjSu6twyeMXqv8QQQuP1P6x+2FYb5FtJPEOucZSj4p2ihdLexWQEdoodDyfC5lu8= root@ubuntu-xenial
ssh-ed25519 AAAAC3NzaC1lZDI1NTE5AAAAIHIl1IfA1iI1ysEAJRUdCcwInS3z/fFp3EuaujHon4Pl root@ubuntu-xenial
ssh-rsa AAAAB3NzaC1yc2EAAAADAQABAAABAQDBTOEfc0PRPppgsJ941wX3pos+VVBjRPvq2hvesTnzl/Ygyh9IRJ6juTsEbl4i/2tsV4JZCbfDym3wJ7rhKptfOQPVdFUvDX4d0HLFmzPcf2qcfIs9xuJ2lHUS5hG0KZ8+C+7sPFgTsPYAqSun28l48lJ1/8L3GeOqYjuzZ9xX9GqwarJBI9HN7JDqGChISAkdR+zALqdOicnOe+lsB/S8By7V4FRV2WKH0fw45XBh2752K2Ij6/NovaYLMGJx2bmaDaNhrCr4GGQPFdHV6GwRgTgaXNjo4nANkd5OrPvwB2Z5rLu37LTh+9/YGwcZ6xVQwBdopR5IycPoCh5v3is9 root@ubuntu-xenial
-----END SSH HOST KEY KEYS-----
[   11.828890] cloud-init[1345]: Cloud-init v. 20.4.1-0ubuntu1~16.04.1 running 'modules:final' at Sun, 16 May 2021 19:32:15 +0000. Up 11.63 seconds.
[   11.830336] cloud-init[1345]: ci-info: no authorized SSH keys fingerprints found for user ubuntu.
[   11.831792] cloud-init[1345]: Cloud-init v. 20.4.1-0ubuntu1~16.04.1 finished at Sun, 16 May 2021 19:32:15 +0000. Datasource DataSourceNoCloud [seed=/dev/sdb][dsmode=net].  Up 11.82 seconds
[[0;32m  OK  [0m] Started Execute cloud user/final scripts.
[[0;32m  OK  [0m] Reached target Cloud-init target.

Ubuntu 16.04.7 LTS ubuntu-xenial ttyS0

ubuntu-xenial login: [   32.950308] e1000 0000:00:03.0 enp0s3: Reset adapter
